[2023-10-30 21:34:19] merlin-logger.DEBUG: The welcome step has been displayed [] []
[2023-10-30 21:34:22] merlin-logger.DEBUG: The license activation step has been displayed [] []
[2023-10-30 21:34:23] merlin-logger.DEBUG: The plugin installation step has been displayed [] []
[2023-10-30 21:34:34] merlin-logger.DEBUG: A plugin with the following data will be processed {"plugin_slug":"hub-core","message":"Installing"} []
[2023-10-30 21:34:40] merlin-logger.DEBUG: A plugin with the following data will be processed {"plugin_slug":"hub-core","message":"Activating"} []
[2023-10-30 21:34:41] merlin-logger.DEBUG: A plugin with the following data was processed {"plugin_slug":"hub-core"} []
[2023-10-30 21:34:41] merlin-logger.DEBUG: A plugin with the following data will be processed {"plugin_slug":"hub-portfolio","message":"Installing"} []
[2023-10-30 21:34:42] merlin-logger.DEBUG: A plugin with the following data will be processed {"plugin_slug":"hub-portfolio","message":"Activating"} []
[2023-10-30 21:34:43] merlin-logger.DEBUG: A plugin with the following data was processed {"plugin_slug":"hub-portfolio"} []
[2023-10-30 21:34:43] merlin-logger.DEBUG: A plugin with the following data will be processed {"plugin_slug":"elementor","message":"Installing"} []
[2023-10-30 21:34:52] merlin-logger.DEBUG: A plugin with the following data will be processed {"plugin_slug":"elementor","message":"Activating"} []
[2023-10-30 21:34:53] merlin-logger.DEBUG: A plugin with the following data was processed {"plugin_slug":"elementor"} []
[2023-10-30 21:34:53] merlin-logger.DEBUG: A plugin with the following data will be processed {"plugin_slug":"hub-elementor-addons","message":"Installing"} []
[2023-10-30 21:34:58] merlin-logger.DEBUG: A plugin with the following data will be processed {"plugin_slug":"hub-elementor-addons","message":"Activating"} []
[2023-10-30 21:34:59] merlin-logger.DEBUG: A plugin with the following data was processed {"plugin_slug":"hub-elementor-addons"} []
[2023-10-30 21:35:00] merlin-logger.DEBUG: A plugin with the following data will be processed {"plugin_slug":"contact-form-7","message":"Installing"} []
[2023-10-30 21:35:03] merlin-logger.DEBUG: A plugin with the following data will be processed {"plugin_slug":"contact-form-7","message":"Activating"} []
[2023-10-30 21:35:04] merlin-logger.DEBUG: A plugin with the following data was processed {"plugin_slug":"contact-form-7"} []
[2023-10-30 21:35:08] merlin-logger.DEBUG: The content import step has been displayed [] []
[2023-10-30 21:35:29] merlin-logger.DEBUG: The final step has been displayed [] []
[2023-10-30 21:36:16] merlin-logger.DEBUG: The welcome step has been displayed [] []
[2023-10-30 21:36:19] merlin-logger.DEBUG: The license activation step has been displayed [] []
[2023-10-30 21:36:20] merlin-logger.DEBUG: The plugin installation step has been displayed [] []
[2023-10-30 21:36:27] merlin-logger.DEBUG: The content import step has been displayed [] []
[2023-10-30 21:37:28] merlin-logger.DEBUG: The final step has been displayed [] []
[2023-10-31 21:37:29] merlin-logger.DEBUG: The welcome step has been displayed [] []
[2023-10-31 21:37:30] merlin-logger.DEBUG: The welcome step has been displayed [] []
[2023-10-31 21:37:34] merlin-logger.DEBUG: The license activation step has been displayed [] []
[2023-10-31 21:37:35] merlin-logger.DEBUG: The plugin installation step has been displayed [] []
[2023-10-31 21:37:36] merlin-logger.DEBUG: The plugin installation step has been displayed [] []
[2023-10-31 21:37:44] merlin-logger.DEBUG: The content import step has been displayed [] []
[2023-10-31 21:37:45] merlin-logger.DEBUG: The content import step has been displayed [] []
[2023-10-31 21:49:23] merlin-logger.DEBUG: The final step has been displayed [] []
[2023-10-31 21:49:25] merlin-logger.DEBUG: The final step has been displayed [] []
[2023-11-02 14:03:48] merlin-logger.DEBUG: The welcome step has been displayed [] []
[2023-11-02 14:03:50] merlin-logger.DEBUG: The welcome step has been displayed [] []
[2023-11-02 14:03:56] merlin-logger.DEBUG: The license activation step has been displayed [] []
[2023-11-02 14:03:57] merlin-logger.DEBUG: The plugin installation step has been displayed [] []
[2023-11-02 14:03:58] merlin-logger.DEBUG: The plugin installation step has been displayed [] []
[2023-11-02 14:04:38] merlin-logger.DEBUG: A plugin with the following data will be processed {"plugin_slug":"elementor","message":"Updating"} []
[2023-11-02 14:04:48] merlin-logger.DEBUG: A plugin with the following data was processed {"plugin_slug":"elementor"} []
[2023-11-02 14:04:54] merlin-logger.DEBUG: The content import step has been displayed [] []
[2023-11-02 14:04:56] merlin-logger.DEBUG: The content import step has been displayed [] []
